[debug] [2022-02-16T16:10:30.910Z] ----------------------------------------------------------------------
[debug] [2022-02-16T16:10:30.912Z] Command:       /usr/local/bin/firebase /Users/anfisa/.cache/firebase/tools/lib/node_modules/firebase-tools/lib/bin/firebase deploy
[debug] [2022-02-16T16:10:30.913Z] CLI Version:   10.1.0
[debug] [2022-02-16T16:10:30.913Z] Platform:      darwin
[debug] [2022-02-16T16:10:30.913Z] Node Version:  v12.18.1
[debug] [2022-02-16T16:10:30.922Z] Time:          Wed Feb 16 2022 18:10:30 GMT+0200 (Eastern European Standard Time)
[debug] [2022-02-16T16:10:30.923Z] ----------------------------------------------------------------------
[debug] 
[debug] [2022-02-16T16:10:31.000Z] > command requires scopes: ["email","openid","https://www.googleapis.com/auth/cloudplatformprojects.readonly","https://www.googleapis.com/auth/firebase","https://www.googleapis.com/auth/cloud-platform"]
[debug] [2022-02-16T16:10:31.000Z] > authorizing via signed-in user (anfiya17@gmail.com)
[debug] [2022-02-16T16:10:31.000Z] [iam] checking project react-login-dark for permissions ["firebase.projects.get","firebasehosting.sites.update"]
[debug] [2022-02-16T16:10:31.005Z] > refreshing access token with scopes: ["email","https://www.googleapis.com/auth/cloud-platform","https://www.googleapis.com/auth/cloudplatformprojects.readonly","https://www.googleapis.com/auth/firebase","openid"]
[debug] [2022-02-16T16:10:31.006Z] >>> HTTP REQUEST POST https://www.googleapis.com/oauth2/v3/token  
 <request body omitted>
[debug] [2022-02-16T16:10:31.223Z] <<< HTTP RESPONSE 200 {"date":"Wed, 16 Feb 2022 16:10:31 GMT","pragma":"no-cache","cache-control":"no-cache, no-store, max-age=0, must-revalidate","expires":"Mon, 01 Jan 1990 00:00:00 GMT","content-type":"application/json; charset=utf-8","vary":"X-Origin, Referer, Origin,Accept-Encoding","server":"scaffolding on HTTPServer2","x-xss-protection":"0","x-frame-options":"SAMEORIGIN","x-content-type-options":"nosniff","alt-svc":"h3=\":443\"; ma=2592000,h3-29=\":443\"; ma=2592000,h3-Q050=\":443\"; ma=2592000,h3-Q046=\":443\"; ma=2592000,h3-Q043=\":443\"; ma=2592000,quic=\":443\"; ma=2592000; v=\"46,43\"","accept-ranges":"none","transfer-encoding":"chunked"}
[debug] [2022-02-16T16:10:31.270Z] >>> HTTP REQUEST POST https://cloudresourcemanager.googleapis.com/v1/projects/react-login-dark:testIamPermissions  
 {"permissions":["firebase.projects.get","firebasehosting.sites.update"]}
[debug] [2022-02-16T16:10:32.101Z] <<< HTTP RESPONSE 200 {"content-type":"application/json; charset=UTF-8","vary":"X-Origin, Referer, Origin,Accept-Encoding","date":"Wed, 16 Feb 2022 16:10:32 GMT","server":"ESF","cache-control":"private","x-xss-protection":"0","x-frame-options":"SAMEORIGIN","x-content-type-options":"nosniff","server-timing":"gfet4t7; dur=681","alt-svc":"h3=\":443\"; ma=2592000,h3-29=\":443\"; ma=2592000,h3-Q050=\":443\"; ma=2592000,h3-Q046=\":443\"; ma=2592000,h3-Q043=\":443\"; ma=2592000,quic=\":443\"; ma=2592000; v=\"46,43\"","accept-ranges":"none","transfer-encoding":"chunked"}
[debug] [2022-02-16T16:10:32.103Z] > refreshing access token with scopes: []
[debug] [2022-02-16T16:10:32.104Z] >>> HTTP REQUEST POST https://www.googleapis.com/oauth2/v3/token  
 <request body omitted>
[debug] [2022-02-16T16:10:32.245Z] <<< HTTP RESPONSE 200 {"date":"Wed, 16 Feb 2022 16:10:32 GMT","pragma":"no-cache","cache-control":"no-cache, no-store, max-age=0, must-revalidate","expires":"Mon, 01 Jan 1990 00:00:00 GMT","content-type":"application/json; charset=utf-8","vary":"X-Origin, Referer, Origin,Accept-Encoding","server":"scaffolding on HTTPServer2","x-xss-protection":"0","x-frame-options":"SAMEORIGIN","x-content-type-options":"nosniff","alt-svc":"h3=\":443\"; ma=2592000,h3-29=\":443\"; ma=2592000,h3-Q050=\":443\"; ma=2592000,h3-Q046=\":443\"; ma=2592000,h3-Q043=\":443\"; ma=2592000,quic=\":443\"; ma=2592000; v=\"46,43\"","accept-ranges":"none","transfer-encoding":"chunked"}
[debug] [2022-02-16T16:10:32.281Z] >>> [apiv2][query] GET https://firebase.googleapis.com/v1beta1/projects/react-login-dark [none]
[debug] [2022-02-16T16:10:32.667Z] <<< [apiv2][status] GET https://firebase.googleapis.com/v1beta1/projects/react-login-dark 200
[debug] [2022-02-16T16:10:32.668Z] <<< [apiv2][body] GET https://firebase.googleapis.com/v1beta1/projects/react-login-dark {"projectId":"react-login-dark","projectNumber":"69387872493","displayName":"react-login-dark","name":"projects/react-login-dark","resources":{"hostingSite":"react-login-dark"},"state":"ACTIVE"}
[info] 
[info] === Deploying to 'react-login-dark'...
[info] 
[info] i  deploying hosting 
[debug] [2022-02-16T16:10:32.673Z] > refreshing access token with scopes: ["email","https://www.googleapis.com/auth/cloud-platform","https://www.googleapis.com/auth/cloudplatformprojects.readonly","https://www.googleapis.com/auth/firebase","openid"]
[debug] [2022-02-16T16:10:32.673Z] >>> HTTP REQUEST POST https://www.googleapis.com/oauth2/v3/token  
 <request body omitted>
[debug] [2022-02-16T16:10:32.966Z] <<< HTTP RESPONSE 200 {"pragma":"no-cache","cache-control":"no-cache, no-store, max-age=0, must-revalidate","date":"Wed, 16 Feb 2022 16:10:32 GMT","expires":"Mon, 01 Jan 1990 00:00:00 GMT","content-type":"application/json; charset=utf-8","vary":"X-Origin, Referer, Origin,Accept-Encoding","server":"scaffolding on HTTPServer2","x-xss-protection":"0","x-frame-options":"SAMEORIGIN","x-content-type-options":"nosniff","alt-svc":"h3=\":443\"; ma=2592000,h3-29=\":443\"; ma=2592000,h3-Q050=\":443\"; ma=2592000,h3-Q046=\":443\"; ma=2592000,h3-Q043=\":443\"; ma=2592000,quic=\":443\"; ma=2592000; v=\"46,43\"","accept-ranges":"none","transfer-encoding":"chunked"}
[debug] [2022-02-16T16:10:32.996Z] >>> HTTP REQUEST POST https://firebasehosting.googleapis.com/v1beta1/sites/react-login-dark/versions  
 {"config":{"rewrites":[{"glob":"**","path":"/index.html"}]},"labels":{"deployment-tool":"cli-firebase"}}
[debug] [2022-02-16T16:10:34.374Z] <<< HTTP RESPONSE 200 {"content-type":"application/json; charset=UTF-8","vary":"X-Origin, Referer, Origin,Accept-Encoding","date":"Wed, 16 Feb 2022 16:10:34 GMT","server":"ESF","cache-control":"private","x-xss-protection":"0","x-frame-options":"SAMEORIGIN","x-content-type-options":"nosniff","alt-svc":"h3=\":443\"; ma=2592000,h3-29=\":443\"; ma=2592000,h3-Q050=\":443\"; ma=2592000,h3-Q046=\":443\"; ma=2592000,h3-Q043=\":443\"; ma=2592000,quic=\":443\"; ma=2592000; v=\"46,43\"","accept-ranges":"none","transfer-encoding":"chunked"}
[info] i  hosting[react-login-dark]: beginning deploy... 
[info] i  hosting[react-login-dark]: found 9 files in build 
[debug] [2022-02-16T16:10:34.733Z] > refreshing access token with scopes: []
[debug] [2022-02-16T16:10:34.733Z] >>> HTTP REQUEST POST https://www.googleapis.com/oauth2/v3/token  
 <request body omitted>
[debug] [2022-02-16T16:10:34.735Z] [hosting] hash cache [YnVpbGQ] stored for 9 files
[debug] [2022-02-16T16:10:34.736Z] [hosting][hash queue][FINAL] {"max":319,"min":9,"avg":54.22222222222222,"active":0,"complete":9,"success":9,"errored":0,"retried":0,"total":9,"elapsed":347}
[debug] [2022-02-16T16:10:34.892Z] <<< HTTP RESPONSE 200 {"cache-control":"no-cache, no-store, max-age=0, must-revalidate","date":"Wed, 16 Feb 2022 16:10:34 GMT","pragma":"no-cache","expires":"Mon, 01 Jan 1990 00:00:00 GMT","content-type":"application/json; charset=utf-8","vary":"X-Origin, Referer, Origin,Accept-Encoding","server":"scaffolding on HTTPServer2","x-xss-protection":"0","x-frame-options":"SAMEORIGIN","x-content-type-options":"nosniff","alt-svc":"h3=\":443\"; ma=2592000,h3-29=\":443\"; ma=2592000,h3-Q050=\":443\"; ma=2592000,h3-Q046=\":443\"; ma=2592000,h3-Q043=\":443\"; ma=2592000,quic=\":443\"; ma=2592000; v=\"46,43\"","accept-ranges":"none","transfer-encoding":"chunked"}
[debug] [2022-02-16T16:10:34.932Z] >>> [apiv2][query] POST https://firebasehosting.googleapis.com/v1beta1/sites/react-login-dark/versions/1243375f7cebc6a6:populateFiles [none]
[debug] [2022-02-16T16:10:34.932Z] >>> [apiv2][body] POST https://firebasehosting.googleapis.com/v1beta1/sites/react-login-dark/versions/1243375f7cebc6a6:populateFiles {"files":{"/asset-manifest.json":"44aadc3b82e9660321c18bbe054c0c06d68c5baec7d22d14cca81acee742c589","/index.html":"6ae96a8aaaf55242362ee50efc8e310a50d1c39d691b37deaa1cd3f78b0ca741","/static/js/main.16e2646d.js.LICENSE.txt":"fdb70e316c5da6746eb77ea3fe4c7649f97dbbcd07323b0d74dbbde3056bae81","/logo192.png":"caff018b7f1e8fd481eb1c50d75b0ef236bcd5078b1d15c8bb348453fee30293","/logo512.png":"191fc21360b4ccfb1cda11a1efb97f489ed22672ca83f4064316802bbfdd750e","/robots.txt":"391d14b3c2f8c9143a27a28c7399585142228d4d1bdbe2c87ac946de411fa9a2","/manifest.json":"341d52628782f8ac9290bbfc43298afccb47b7cbfcee146ae30cf0f46bc30900","/static/js/main.16e2646d.js":"8bb3c1f5156b537b3fd26a6b8497dff0d7a62808b1cb46818e00461f1a009715","/static/js/main.16e2646d.js.map":"fc55005b6ce9e39e7fd4e4f0a2487448345f0147bae0ca77ad1ad7ebd37884d0"}}
[debug] [2022-02-16T16:10:36.030Z] <<< [apiv2][status] POST https://firebasehosting.googleapis.com/v1beta1/sites/react-login-dark/versions/1243375f7cebc6a6:populateFiles 200
[debug] [2022-02-16T16:10:36.030Z] <<< [apiv2][body] POST https://firebasehosting.googleapis.com/v1beta1/sites/react-login-dark/versions/1243375f7cebc6a6:populateFiles {"uploadRequiredHashes":["6ae96a8aaaf55242362ee50efc8e310a50d1c39d691b37deaa1cd3f78b0ca741","8bb3c1f5156b537b3fd26a6b8497dff0d7a62808b1cb46818e00461f1a009715","fc55005b6ce9e39e7fd4e4f0a2487448345f0147bae0ca77ad1ad7ebd37884d0","44aadc3b82e9660321c18bbe054c0c06d68c5baec7d22d14cca81acee742c589","fdb70e316c5da6746eb77ea3fe4c7649f97dbbcd07323b0d74dbbde3056bae81"],"uploadUrl":"https://upload-firebasehosting.googleapis.com/upload/sites/react-login-dark/versions/1243375f7cebc6a6/files"}
[debug] [2022-02-16T16:10:36.032Z] >>> [apiv2][query] POST https://upload-firebasehosting.googleapis.com/upload/sites/react-login-dark/versions/1243375f7cebc6a6/files/6ae96a8aaaf55242362ee50efc8e310a50d1c39d691b37deaa1cd3f78b0ca741 [none]
[debug] [2022-02-16T16:10:36.032Z] >>> [apiv2][body] POST https://upload-firebasehosting.googleapis.com/upload/sites/react-login-dark/versions/1243375f7cebc6a6/files/6ae96a8aaaf55242362ee50efc8e310a50d1c39d691b37deaa1cd3f78b0ca741 [stream]
[debug] [2022-02-16T16:10:36.033Z] >>> [apiv2][query] POST https://upload-firebasehosting.googleapis.com/upload/sites/react-login-dark/versions/1243375f7cebc6a6/files/8bb3c1f5156b537b3fd26a6b8497dff0d7a62808b1cb46818e00461f1a009715 [none]
[debug] [2022-02-16T16:10:36.033Z] >>> [apiv2][body] POST https://upload-firebasehosting.googleapis.com/upload/sites/react-login-dark/versions/1243375f7cebc6a6/files/8bb3c1f5156b537b3fd26a6b8497dff0d7a62808b1cb46818e00461f1a009715 [stream]
[debug] [2022-02-16T16:10:36.035Z] >>> [apiv2][query] POST https://upload-firebasehosting.googleapis.com/upload/sites/react-login-dark/versions/1243375f7cebc6a6/files/fc55005b6ce9e39e7fd4e4f0a2487448345f0147bae0ca77ad1ad7ebd37884d0 [none]
[debug] [2022-02-16T16:10:36.035Z] >>> [apiv2][body] POST https://upload-firebasehosting.googleapis.com/upload/sites/react-login-dark/versions/1243375f7cebc6a6/files/fc55005b6ce9e39e7fd4e4f0a2487448345f0147bae0ca77ad1ad7ebd37884d0 [stream]
[debug] [2022-02-16T16:10:36.036Z] >>> [apiv2][query] POST https://upload-firebasehosting.googleapis.com/upload/sites/react-login-dark/versions/1243375f7cebc6a6/files/44aadc3b82e9660321c18bbe054c0c06d68c5baec7d22d14cca81acee742c589 [none]
[debug] [2022-02-16T16:10:36.036Z] >>> [apiv2][body] POST https://upload-firebasehosting.googleapis.com/upload/sites/react-login-dark/versions/1243375f7cebc6a6/files/44aadc3b82e9660321c18bbe054c0c06d68c5baec7d22d14cca81acee742c589 [stream]
[debug] [2022-02-16T16:10:36.037Z] >>> [apiv2][query] POST https://upload-firebasehosting.googleapis.com/upload/sites/react-login-dark/versions/1243375f7cebc6a6/files/fdb70e316c5da6746eb77ea3fe4c7649f97dbbcd07323b0d74dbbde3056bae81 [none]
[debug] [2022-02-16T16:10:36.037Z] >>> [apiv2][body] POST https://upload-firebasehosting.googleapis.com/upload/sites/react-login-dark/versions/1243375f7cebc6a6/files/fdb70e316c5da6746eb77ea3fe4c7649f97dbbcd07323b0d74dbbde3056bae81 [stream]
[debug] [2022-02-16T16:10:36.037Z] [hosting][populate queue][FINAL] {"max":1300,"min":1300,"avg":1300,"active":0,"complete":1,"success":1,"errored":0,"retried":0,"total":1,"elapsed":1305}
[debug] [2022-02-16T16:10:36.038Z] [hosting] uploads queued: 5
[debug] [2022-02-16T16:10:37.102Z] <<< [apiv2][status] POST https://upload-firebasehosting.googleapis.com/upload/sites/react-login-dark/versions/1243375f7cebc6a6/files/fdb70e316c5da6746eb77ea3fe4c7649f97dbbcd07323b0d74dbbde3056bae81 200
[debug] [2022-02-16T16:10:37.102Z] <<< [apiv2][body] POST https://upload-firebasehosting.googleapis.com/upload/sites/react-login-dark/versions/1243375f7cebc6a6/files/fdb70e316c5da6746eb77ea3fe4c7649f97dbbcd07323b0d74dbbde3056bae81 [stream]
[debug] [2022-02-16T16:10:37.254Z] <<< [apiv2][status] POST https://upload-firebasehosting.googleapis.com/upload/sites/react-login-dark/versions/1243375f7cebc6a6/files/6ae96a8aaaf55242362ee50efc8e310a50d1c39d691b37deaa1cd3f78b0ca741 200
[debug] [2022-02-16T16:10:37.255Z] <<< [apiv2][body] POST https://upload-firebasehosting.googleapis.com/upload/sites/react-login-dark/versions/1243375f7cebc6a6/files/6ae96a8aaaf55242362ee50efc8e310a50d1c39d691b37deaa1cd3f78b0ca741 [stream]
[debug] [2022-02-16T16:10:37.363Z] <<< [apiv2][status] POST https://upload-firebasehosting.googleapis.com/upload/sites/react-login-dark/versions/1243375f7cebc6a6/files/44aadc3b82e9660321c18bbe054c0c06d68c5baec7d22d14cca81acee742c589 200
[debug] [2022-02-16T16:10:37.363Z] <<< [apiv2][body] POST https://upload-firebasehosting.googleapis.com/upload/sites/react-login-dark/versions/1243375f7cebc6a6/files/44aadc3b82e9660321c18bbe054c0c06d68c5baec7d22d14cca81acee742c589 [stream]
[debug] [2022-02-16T16:10:37.379Z] <<< [apiv2][status] POST https://upload-firebasehosting.googleapis.com/upload/sites/react-login-dark/versions/1243375f7cebc6a6/files/8bb3c1f5156b537b3fd26a6b8497dff0d7a62808b1cb46818e00461f1a009715 200
[debug] [2022-02-16T16:10:37.380Z] <<< [apiv2][body] POST https://upload-firebasehosting.googleapis.com/upload/sites/react-login-dark/versions/1243375f7cebc6a6/files/8bb3c1f5156b537b3fd26a6b8497dff0d7a62808b1cb46818e00461f1a009715 [stream]
[debug] [2022-02-16T16:10:37.579Z] <<< [apiv2][status] POST https://upload-firebasehosting.googleapis.com/upload/sites/react-login-dark/versions/1243375f7cebc6a6/files/fc55005b6ce9e39e7fd4e4f0a2487448345f0147bae0ca77ad1ad7ebd37884d0 200
[debug] [2022-02-16T16:10:37.580Z] <<< [apiv2][body] POST https://upload-firebasehosting.googleapis.com/upload/sites/react-login-dark/versions/1243375f7cebc6a6/files/fc55005b6ce9e39e7fd4e4f0a2487448345f0147bae0ca77ad1ad7ebd37884d0 [stream]
[debug] [2022-02-16T16:10:37.580Z] [hosting][upload queue][FINAL] {"max":1549,"min":1070,"avg":1305,"active":0,"complete":5,"success":5,"errored":0,"retried":0,"total":5,"elapsed":1550}
[info] ✔  hosting[react-login-dark]: file upload complete 
[debug] [2022-02-16T16:10:37.582Z] [hosting] deploy completed after 3206ms
[debug] [2022-02-16T16:10:37.588Z] [
  {
    "config": {
      "public": "build",
      "ignore": [
        "firebase.json",
        "**/.*",
        "**/node_modules/**"
      ],
      "rewrites": [
        {
          "source": "**",
          "destination": "/index.html"
        }
      ],
      "site": "react-login-dark"
    },
    "site": "react-login-dark",
    "version": "sites/react-login-dark/versions/1243375f7cebc6a6"
  }
]
[info] i  hosting[react-login-dark]: finalizing version... 
[debug] [2022-02-16T16:10:37.589Z] > refreshing access token with scopes: ["email","https://www.googleapis.com/auth/cloud-platform","https://www.googleapis.com/auth/cloudplatformprojects.readonly","https://www.googleapis.com/auth/firebase","openid"]
[debug] [2022-02-16T16:10:37.589Z] >>> HTTP REQUEST POST https://www.googleapis.com/oauth2/v3/token  
 <request body omitted>
[debug] [2022-02-16T16:10:37.754Z] <<< HTTP RESPONSE 200 {"expires":"Mon, 01 Jan 1990 00:00:00 GMT","cache-control":"no-cache, no-store, max-age=0, must-revalidate","pragma":"no-cache","date":"Wed, 16 Feb 2022 16:10:37 GMT","content-type":"application/json; charset=utf-8","vary":"X-Origin, Referer, Origin,Accept-Encoding","server":"scaffolding on HTTPServer2","x-xss-protection":"0","x-frame-options":"SAMEORIGIN","x-content-type-options":"nosniff","alt-svc":"h3=\":443\"; ma=2592000,h3-29=\":443\"; ma=2592000,h3-Q050=\":443\"; ma=2592000,h3-Q046=\":443\"; ma=2592000,h3-Q043=\":443\"; ma=2592000,quic=\":443\"; ma=2592000; v=\"46,43\"","accept-ranges":"none","transfer-encoding":"chunked"}
[debug] [2022-02-16T16:10:37.795Z] >>> HTTP REQUEST PATCH https://firebasehosting.googleapis.com/v1beta1/sites/react-login-dark/versions/1243375f7cebc6a6?updateMask=status  
 {"status":"FINALIZED"}
